<?xml version="1.0" encoding="UTF-8"?>
<testng-results ignored="0" total="1" passed="1" failed="0" skipped="0">
  <reporter-output>
  </reporter-output>
  <suite started-at="2025-02-05T23:21:36 IST" name="Default suite" finished-at="2025-02-05T23:21:36 IST" duration-ms="48">
    <groups>
    </groups>
    <test started-at="2025-02-05T23:21:36 IST" name="Default test" finished-at="2025-02-05T23:21:36 IST" duration-ms="48">
      <class name="testjavaa.TestClasss">
        <test-method signature="a()[pri:0, instance:testjavaa.TestClasss@4d5b6aac]" started-at="2025-02-05T23:21:36 IST" name="a" finished-at="2025-02-05T23:21:36 IST" duration-ms="12" status="PASS">
          <reporter-output>
          </reporter-output>
        </test-method> <!-- a -->
      </class> <!-- testjavaa.TestClasss -->
    </test> <!-- Default test -->
  </suite> <!-- Default suite -->
</testng-results>
